2021-03-22 22:41:25.867 EDT [7352] LOG:  starting PostgreSQL 13.2 on x86_64-apple-darwin19.6.0, compiled by Apple clang version 11.0.3 (clang-1103.0.32.62), 64-bit
2021-03-22 22:41:25.870 EDT [7352] LOG:  listening on IPv6 address "::1", port 5432
2021-03-22 22:41:25.870 EDT [7352] LOG:  listening on IPv4 address "127.0.0.1", port 5432
2021-03-22 22:41:25.873 EDT [7352] LOG:  listening on Unix socket "/tmp/.s.PGSQL.5432"
2021-03-22 22:41:25.877 EDT [7353] LOG:  database system was shut down at 2021-03-22 22:41:25 EDT
2021-03-22 22:41:25.888 EDT [7352] LOG:  database system is ready to accept connections
2021-03-22 22:44:16.568 EDT [7380] LOG:  unexpected EOF on client connection with an open transaction
2021-03-22 22:47:13.051 EDT [7529] LOG:  unexpected EOF on client connection with an open transaction
2021-03-22 22:47:13.051 EDT [7528] LOG:  unexpected EOF on client connection with an open transaction
2021-03-22 22:47:13.052 EDT [7503] LOG:  unexpected EOF on client connection with an open transaction
2021-03-22 22:47:13.052 EDT [7445] LOG:  unexpected EOF on client connection with an open transaction
2021-03-24 18:54:30.830 EDT [3274] LOG:  starting PostgreSQL 13.2 on x86_64-apple-darwin19.6.0, compiled by Apple clang version 11.0.3 (clang-1103.0.32.62), 64-bit
2021-03-24 18:54:30.833 EDT [3274] LOG:  listening on IPv6 address "::1", port 5432
2021-03-24 18:54:30.833 EDT [3274] LOG:  listening on IPv4 address "127.0.0.1", port 5432
2021-03-24 18:54:30.834 EDT [3274] LOG:  listening on Unix socket "/tmp/.s.PGSQL.5432"
2021-03-24 18:54:30.841 EDT [3275] LOG:  database system was interrupted; last known up at 2021-03-22 22:46:57 EDT
2021-03-24 18:54:30.906 EDT [3275] LOG:  database system was not properly shut down; automatic recovery in progress
2021-03-24 18:54:30.908 EDT [3275] LOG:  redo starts at 0/16513D8
2021-03-24 18:54:30.908 EDT [3275] LOG:  invalid record length at 0/16514C0: wanted 24, got 0
2021-03-24 18:54:30.908 EDT [3275] LOG:  redo done at 0/1651488
2021-03-24 18:54:30.919 EDT [3274] LOG:  database system is ready to accept connections
2021-03-24 19:25:20.119 EDT [4075] LOG:  unexpected EOF on client connection with an open transaction
2021-03-24 19:42:13.929 EDT [4104] LOG:  unexpected EOF on client connection with an open transaction
2021-03-24 19:42:13.929 EDT [4393] LOG:  unexpected EOF on client connection with an open transaction
2021-03-24 20:02:06.107 EDT [5131] LOG:  unexpected EOF on client connection with an open transaction
2021-03-24 20:02:06.107 EDT [5123] LOG:  unexpected EOF on client connection with an open transaction
2021-03-24 20:04:01.319 EDT [5242] LOG:  unexpected EOF on client connection with an open transaction
2021-03-24 20:04:01.319 EDT [5207] LOG:  unexpected EOF on client connection with an open transaction
2021-03-24 20:04:01.319 EDT [5208] LOG:  unexpected EOF on client connection with an open transaction
2021-03-24 20:04:01.320 EDT [5136] LOG:  unexpected EOF on client connection with an open transaction
2021-03-24 20:04:01.322 EDT [5149] LOG:  unexpected EOF on client connection with an open transaction
2021-03-24 20:04:01.322 EDT [5150] LOG:  unexpected EOF on client connection with an open transaction
2021-03-24 20:04:01.322 EDT [5151] LOG:  unexpected EOF on client connection with an open transaction
2021-03-24 20:04:01.323 EDT [5148] LOG:  unexpected EOF on client connection with an open transaction
2021-03-24 20:04:01.323 EDT [5147] LOG:  unexpected EOF on client connection with an open transaction
2021-03-24 20:29:37.279 EDT [5433] LOG:  unexpected EOF on client connection with an open transaction
2021-03-24 20:29:37.279 EDT [5432] LOG:  unexpected EOF on client connection with an open transaction
2021-03-24 20:29:37.281 EDT [5247] LOG:  unexpected EOF on client connection with an open transaction
2021-03-25 11:00:26.595 EDT [6072] LOG:  unexpected EOF on client connection with an open transaction
2021-03-25 11:00:26.595 EDT [6074] LOG:  unexpected EOF on client connection with an open transaction
2021-03-25 11:06:45.462 EDT [8532] LOG:  unexpected EOF on client connection with an open transaction
2021-03-25 11:55:30.515 EDT [9844] LOG:  unexpected EOF on client connection with an open transaction
2021-03-25 11:55:30.515 EDT [9819] LOG:  unexpected EOF on client connection with an open transaction
2021-03-25 12:26:13.198 EDT [9866] LOG:  unexpected EOF on client connection with an open transaction
2021-03-25 12:26:13.199 EDT [10210] LOG:  unexpected EOF on client connection with an open transaction
2021-03-25 12:31:10.498 EDT [10803] LOG:  unexpected EOF on client connection with an open transaction
2021-03-25 13:10:16.647 EDT [11997] LOG:  unexpected EOF on client connection with an open transaction
2021-03-25 13:10:16.647 EDT [11993] LOG:  unexpected EOF on client connection with an open transaction
2021-03-25 13:10:16.647 EDT [11915] LOG:  unexpected EOF on client connection with an open transaction
2021-03-25 13:10:16.649 EDT [11901] LOG:  unexpected EOF on client connection with an open transaction
2021-03-25 13:10:16.647 EDT [11994] LOG:  unexpected EOF on client connection with an open transaction
2021-03-25 13:10:16.651 EDT [11851] LOG:  unexpected EOF on client connection with an open transaction
2021-03-25 13:10:16.647 EDT [11995] LOG:  unexpected EOF on client connection with an open transaction
2021-03-25 13:10:16.652 EDT [11916] LOG:  unexpected EOF on client connection with an open transaction
2021-03-25 15:29:47.550 EDT [3274] LOG:  received fast shutdown request
2021-03-25 15:29:47.553 EDT [3274] LOG:  aborting any active transactions
2021-03-25 15:29:47.556 EDT [3274] LOG:  background worker "logical replication launcher" (PID 3281) exited with exit code 1
2021-03-25 15:29:47.557 EDT [3276] LOG:  shutting down
2021-03-25 15:29:47.567 EDT [3274] LOG:  database system is shut down
2021-03-26 15:32:23.172 EDT [1958] LOG:  starting PostgreSQL 13.2 on x86_64-apple-darwin19.6.0, compiled by Apple clang version 11.0.3 (clang-1103.0.32.62), 64-bit
2021-03-26 15:32:23.182 EDT [1958] LOG:  listening on IPv6 address "::1", port 5432
2021-03-26 15:32:23.182 EDT [1958] LOG:  listening on IPv4 address "127.0.0.1", port 5432
2021-03-26 15:32:23.183 EDT [1958] LOG:  listening on Unix socket "/tmp/.s.PGSQL.5432"
2021-03-26 15:32:23.189 EDT [1959] LOG:  database system was shut down at 2021-03-25 15:29:47 EDT
2021-03-26 15:32:23.200 EDT [1958] LOG:  database system is ready to accept connections
2021-03-26 15:40:32.782 EDT [2083] FATAL:  database "Caled" does not exist
2021-03-26 15:44:09.661 EDT [2147] ERROR:  cannot drop table "Instructor" because other objects depend on it
2021-03-26 15:44:09.661 EDT [2147] DETAIL:  constraint Course_instructor_id_fkey on table "Course" depends on table "Instructor"
2021-03-26 15:44:09.661 EDT [2147] HINT:  Use DROP ... CASCADE to drop the dependent objects too.
2021-03-26 15:44:09.661 EDT [2147] STATEMENT:  
	DROP TABLE "Instructor"
2021-03-26 15:45:47.714 EDT [2193] ERROR:  cannot drop table "Instructor" because other objects depend on it
2021-03-26 15:45:47.714 EDT [2193] DETAIL:  constraint Course_instructor_id_fkey on table "Course" depends on table "Instructor"
2021-03-26 15:45:47.714 EDT [2193] HINT:  Use DROP ... CASCADE to drop the dependent objects too.
2021-03-26 15:45:47.714 EDT [2193] STATEMENT:  
	DROP TABLE "Instructor"
2021-03-26 15:48:54.533 EDT [2297] ERROR:  cannot drop table "Instructor" because other objects depend on it
2021-03-26 15:48:54.533 EDT [2297] DETAIL:  constraint Course_instructor_id_fkey on table "Course" depends on table "Instructor"
2021-03-26 15:48:54.533 EDT [2297] HINT:  Use DROP ... CASCADE to drop the dependent objects too.
2021-03-26 15:48:54.533 EDT [2297] STATEMENT:  
	DROP TABLE "Instructor"
2021-03-26 15:50:50.587 EDT [2320] ERROR:  cannot drop table "Instructor" because other objects depend on it
2021-03-26 15:50:50.587 EDT [2320] DETAIL:  constraint Course_instructor_id_fkey on table "Course" depends on table "Instructor"
2021-03-26 15:50:50.587 EDT [2320] HINT:  Use DROP ... CASCADE to drop the dependent objects too.
2021-03-26 15:50:50.587 EDT [2320] STATEMENT:  
	DROP TABLE "Instructor"
2021-03-26 15:59:18.296 EDT [2590] ERROR:  cannot drop table "Instructor" because other objects depend on it
2021-03-26 15:59:18.296 EDT [2590] DETAIL:  constraint Course_instructor_id_fkey on table "Course" depends on table "Instructor"
2021-03-26 15:59:18.296 EDT [2590] HINT:  Use DROP ... CASCADE to drop the dependent objects too.
2021-03-26 15:59:18.296 EDT [2590] STATEMENT:  
	DROP TABLE "Instructor"
2021-03-26 16:00:08.155 EDT [2596] ERROR:  cannot drop table "Instructor" because other objects depend on it
2021-03-26 16:00:08.155 EDT [2596] DETAIL:  constraint Course_instructor_id_fkey on table "Course" depends on table "Instructor"
2021-03-26 16:00:08.155 EDT [2596] HINT:  Use DROP ... CASCADE to drop the dependent objects too.
2021-03-26 16:00:08.155 EDT [2596] STATEMENT:  
	DROP TABLE "Instructor"
2021-03-26 16:06:10.416 EDT [2628] ERROR:  syntax error at or near "SHOW" at character 25
2021-03-26 16:06:10.416 EDT [2628] STATEMENT:  DROP TABLE "Instructor"
	SHOW TABLES
	DROP TABLE "Instructor" CASCADE
	DROP TABLE Instructor CASCADE
	DROP TABLE [IF EXISTS]
	Instructor
	assignment
	Course
	File
	Assignment
	Message
	Module
	Student
	User
	alembic_versio
	alembic_version
	[CASCADE | RESTRICT];
2021-03-26 16:06:48.505 EDT [2628] ERROR:  syntax error at or near "[" at character 12
2021-03-26 16:06:48.505 EDT [2628] STATEMENT:  DROP TABLE [IF EXISTS]
	Instructor
	assignment
	Course
	File
	Assignment
	Message
	Module
	Student
	User
	alembic_versio
	alembic_version
	[CASCADE | RESTRICT];
2021-03-26 16:07:47.866 EDT [2628] ERROR:  syntax error at or near "assignment" at character 33
2021-03-26 16:07:47.866 EDT [2628] STATEMENT:  DROP TABLE IF EXISTS
	Instructor
	assignment
	Course
	File
	Assignment
	Message
	Module
	Student
	User
	alembic_versio
	alembic_version
	[CASCADE | RESTRICT];
2021-03-26 16:08:46.808 EDT [2628] ERROR:  syntax error at or near "Course" at character 33
2021-03-26 16:08:46.808 EDT [2628] STATEMENT:  DROP TABLE IF EXISTS
	Instructor
	Course
	File
	Assignment
	Message
	Module
	Student
	User
	alembic_version
	CASCADE | RESTRICT;
2021-03-26 16:09:52.947 EDT [2628] ERROR:  table "instructor" does not exist
2021-03-26 16:09:52.947 EDT [2628] STATEMENT:  DROP TABLE Instructor;
2021-03-26 16:12:03.391 EDT [2628] ERROR:  table "instructor" does not exist
2021-03-26 16:12:03.391 EDT [2628] STATEMENT:  DROP TABLE Instructor;
2021-03-26 16:12:03.394 EDT [2628] ERROR:  syntax error at or near "[" at character 15
2021-03-26 16:12:03.394 EDT [2628] STATEMENT:  DROP DATABASE [IF EXISTS] database_name;
2021-03-26 16:12:22.148 EDT [2628] ERROR:  syntax error at or near "[" at character 15
2021-03-26 16:12:22.148 EDT [2628] STATEMENT:  DROP DATABASE [IF EXISTS] Caled;
2021-03-26 16:12:29.621 EDT [2628] ERROR:  cannot drop the currently open database
2021-03-26 16:12:29.621 EDT [2628] STATEMENT:  DROP DATABASE IF EXISTS Caled;
2021-03-26 16:12:39.374 EDT [2628] ERROR:  syntax error at or near "[" at character 15
2021-03-26 16:12:39.374 EDT [2628] STATEMENT:  DROP DATABASE [IF EXISTS] Caled;
2021-03-28 17:10:32.573 EDT [11884] ERROR:  cannot drop table "Module" because other objects depend on it
2021-03-28 17:10:32.573 EDT [11884] DETAIL:  constraint Assignment_module_id_fkey on table "Assignment" depends on table "Module"
2021-03-28 17:10:32.573 EDT [11884] HINT:  Use DROP ... CASCADE to drop the dependent objects too.
2021-03-28 17:10:32.573 EDT [11884] STATEMENT:  
	DROP TABLE "Module"
2021-03-28 17:11:30.254 EDT [11894] ERROR:  cannot drop table "Module" because other objects depend on it
2021-03-28 17:11:30.254 EDT [11894] DETAIL:  constraint Assignment_module_id_fkey on table "Assignment" depends on table "Module"
2021-03-28 17:11:30.254 EDT [11894] HINT:  Use DROP ... CASCADE to drop the dependent objects too.
2021-03-28 17:11:30.254 EDT [11894] STATEMENT:  
	DROP TABLE "Module"
2021-03-28 17:12:20.817 EDT [11917] ERROR:  table "Modeule" does not exist
2021-03-28 17:12:20.817 EDT [11917] STATEMENT:  DROP TABLE "Modeule";
2021-03-28 17:12:26.882 EDT [11917] ERROR:  table "Module" does not exist
2021-03-28 17:12:26.882 EDT [11917] STATEMENT:  DROP TABLE "Module";
2021-03-28 17:13:02.046 EDT [11949] ERROR:  cannot drop table "Module" because other objects depend on it
2021-03-28 17:13:02.046 EDT [11949] DETAIL:  constraint Assignment_module_id_fkey on table "Assignment" depends on table "Module"
2021-03-28 17:13:02.046 EDT [11949] HINT:  Use DROP ... CASCADE to drop the dependent objects too.
2021-03-28 17:13:02.046 EDT [11949] STATEMENT:  
	DROP TABLE "Module"
2021-03-28 17:24:48.700 EDT [12070] ERROR:  cannot drop table "Module" because other objects depend on it
2021-03-28 17:24:48.700 EDT [12070] DETAIL:  constraint Assignment_module_id_fkey on table "Assignment" depends on table "Module"
2021-03-28 17:24:48.700 EDT [12070] HINT:  Use DROP ... CASCADE to drop the dependent objects too.
2021-03-28 17:24:48.700 EDT [12070] STATEMENT:  
	DROP TABLE "Module"
2021-03-28 17:26:31.172 EDT [12072] ERROR:  syntax error at or near "[" at character 12
2021-03-28 17:26:31.172 EDT [12072] STATEMENT:  DROP TABLE [ IF EXISTS ] "Module" [ CASCADE | RESTRICT ];
2021-03-28 17:26:48.032 EDT [12072] ERROR:  syntax error at or near "|" at character 29
2021-03-28 17:26:48.032 EDT [12072] STATEMENT:  DROP TABLE "Module" CASCADE | RESTRICT;
2021-03-28 17:27:00.842 EDT [12072] ERROR:  syntax error at or near "[" at character 21
2021-03-28 17:27:00.842 EDT [12072] STATEMENT:  DROP TABLE "Module" [CASCADE];
2021-03-28 17:27:05.629 EDT [12072] ERROR:  table "Module" does not exist
2021-03-28 17:27:05.629 EDT [12072] STATEMENT:  DROP TABLE "Module" CASCADE;
2021-03-28 17:27:12.843 EDT [12072] ERROR:  table "module" does not exist
2021-03-28 17:27:12.843 EDT [12072] STATEMENT:  DROP TABLE Module CASCADE;
2021-03-28 17:28:16.541 EDT [12139] ERROR:  cannot drop table "Course" because other objects depend on it
2021-03-28 17:28:16.541 EDT [12139] DETAIL:  constraint Module_course_id_fkey on table "Module" depends on table "Course"
2021-03-28 17:28:16.541 EDT [12139] HINT:  Use DROP ... CASCADE to drop the dependent objects too.
2021-03-28 17:28:16.541 EDT [12139] STATEMENT:  
	DROP TABLE "Course"
2021-03-28 17:50:01.515 EDT [12687] ERROR:  relation "alembic_version" does not exist at character 13
2021-03-28 17:50:01.515 EDT [12687] STATEMENT:  delete from alembic_version;
2021-03-28 17:53:47.066 EDT [12838] ERROR:  table "alembic_version" does not exist
2021-03-28 17:53:47.066 EDT [12838] STATEMENT:  DROP TABLE alembic_version;
2021-03-28 17:54:11.418 EDT [12838] ERROR:  database "caled" already exists
2021-03-28 17:54:11.418 EDT [12838] STATEMENT:  create database caled;
2021-03-28 17:56:08.561 EDT [12900] ERROR:  cannot drop table "Assignment" because other objects depend on it
2021-03-28 17:56:08.561 EDT [12900] DETAIL:  constraint File_Assignment_id_fkey on table "File" depends on table "Assignment"
2021-03-28 17:56:08.561 EDT [12900] HINT:  Use DROP ... CASCADE to drop the dependent objects too.
2021-03-28 17:56:08.561 EDT [12900] STATEMENT:  
	DROP TABLE "Assignment"
2021-03-28 17:58:05.329 EDT [12904] ERROR:  table "assignment" does not exist
2021-03-28 17:58:05.329 EDT [12904] STATEMENT:  DROP TABLE Assignment CASCADE
	;
2021-03-28 17:58:40.440 EDT [12943] ERROR:  table "Assignment" does not exist
2021-03-28 17:58:40.440 EDT [12943] STATEMENT:  
	DROP TABLE "Assignment"
2021-03-28 17:59:28.823 EDT [12980] ERROR:  cannot drop table "Course" because other objects depend on it
2021-03-28 17:59:28.823 EDT [12980] DETAIL:  constraint Module_course_id_fkey on table "Module" depends on table "Course"
2021-03-28 17:59:28.823 EDT [12980] HINT:  Use DROP ... CASCADE to drop the dependent objects too.
2021-03-28 17:59:28.823 EDT [12980] STATEMENT:  
	DROP TABLE "Course"
2021-03-28 18:05:18.146 EDT [13151] ERROR:  syntax error at or near "-" at character 22
2021-03-28 18:05:18.146 EDT [13151] STATEMENT:  create database caled-live
	;
2021-03-28 18:14:28.120 EDT [13543] ERROR:  table "a" does not exist
2021-03-28 18:14:28.120 EDT [13543] STATEMENT:  drop table a;
2021-03-28 18:14:38.723 EDT [13543] ERROR:  syntax error at or near "embic_version" at character 1
2021-03-28 18:14:38.723 EDT [13543] STATEMENT:  embic_version
	drop table alembic_version
	;
2021-03-28 18:18:32.895 EDT [13689] ERROR:  table "alembic_version" does not exist
2021-03-28 18:18:32.895 EDT [13689] STATEMENT:  DROP TABLE alembic_version;
2021-03-28 18:37:27.138 EDT [14626] ERROR:  table "alembic_version" does not exist
2021-03-28 18:37:27.138 EDT [14626] STATEMENT:  DROP TABLE alembic_version;
2021-03-28 18:38:16.779 EDT [14678] ERROR:  table "alembic_version" does not exist
2021-03-28 18:38:16.779 EDT [14678] STATEMENT:  DROP TABLE alembic_version;
2021-03-28 19:31:30.587 EDT [1958] LOG:  received fast shutdown request
2021-03-28 19:31:30.588 EDT [1958] LOG:  aborting any active transactions
2021-03-28 19:31:30.595 EDT [1958] LOG:  background worker "logical replication launcher" (PID 1965) exited with exit code 1
2021-03-28 19:31:30.595 EDT [1960] LOG:  shutting down
2021-03-28 19:31:30.606 EDT [1958] LOG:  database system is shut down
